<?xml version="1.0" encoding="UTF-8"?>
<!-- Generated by org.testng.reporters.JUnitXMLReporter -->
<testsuite hostname="DESKTOP-BF2QF85" name="Test" tests="1" failures="1" timestamp="5 Jun 2019 10:39:48 GMT" time="25.371" errors="0">
  <testcase name="feature" time="24.854" classname="runner.RunCuke">
    <failure type="cucumber.runtime.CucumberException" message="java.lang.AssertionError: expected [Bmw 1 Series for sale NSW | carsguide] but found [Bmw 1 Series for Sale NSW | carsguide]">
      <![CDATA[cucumber.runtime.CucumberException: java.lang.AssertionError: expected [Bmw 1 Series for sale NSW | carsguide] but found [Bmw 1 Series for Sale NSW | carsguide]
	at cucumber.api.testng.TestNGCucumberRunner.runCucumber(TestNGCucumberRunner.java:69)
	at cucumber.api.testng.AbstractTestNGCucumberTests.feature(AbstractTestNGCucumberTests.java:21)
Caused by: java.lang.AssertionError: expected [Bmw 1 Series for sale NSW | carsguide] but found [Bmw 1 Series for Sale NSW | carsguide]
	at steps.SearchCarsSteps.the_page_titile_should_be(SearchCarsSteps.java:71)
	at âœ½.And the page titile should be "Bmw 1 Series for sale NSW | carsguide"(SearchCars.feature:21)
... Removed 30 stack frames]]>
    </failure>
  </testcase> <!-- feature -->
</testsuite> <!-- Test -->
